<?xml version="1.0" encoding="utf-8"?><testsuites name="pytest tests"><testsuite name="pytest" errors="0" failures="0" skipped="0" tests="68" time="8.769" timestamp="2026-02-17T09:44:56.216904+00:00" hostname="MSI"><testcase classname="tests.api.test_admin" name="test_admin_prompts" time="0.007" /><testcase classname="tests.api.test_admin" name="test_admin_vector_status" time="0.038" /><testcase classname="tests.api.test_admin" name="test_admin_ops_overview" time="0.005" /><testcase classname="tests.test_auto_indexing" name="test_run_ingestion_auto_indexing_triggered_by_workspace" time="0.024" /><testcase classname="tests.test_auto_indexing" name="test_run_ingestion_vault_no_indexing" time="0.022" /><testcase classname="tests.test_default_workspace" name="test_default_workspace_is_now_customizable" time="0.057" /><testcase classname="tests.test_default_workspace" name="test_default_settings_fallback" time="0.016" /><testcase classname="tests.test_e2e" name="test_e2e_document_flow" time="0.055" /><testcase classname="tests.test_e2e" name="test_e2e_chat_threads" time="0.061" /><testcase classname="tests.test_graph" name="test_graph_flow_simple" time="0.012" /><testcase classname="tests.test_graph" name="test_persistence_lite" time="0.010" /><testcase classname="tests.test_path_security" name="test_path_traversal_rejection" time="0.066" /><testcase classname="tests.test_path_security" name="test_id_strictness" time="0.047" /><testcase classname="tests.test_path_utils" name="test_validate_safe_path_valid_relative" time="0.001" /><testcase classname="tests.test_path_utils" name="test_validate_safe_path_valid_absolute" time="0.001" /><testcase classname="tests.test_path_utils" name="test_validate_safe_path_traversal_attack" time="0.001" /><testcase classname="tests.test_path_utils" name="test_validate_safe_path_absolute_outside_root" time="0.001" /><testcase classname="tests.test_path_utils" name="test_validate_safe_path_complex_traversal" time="0.001" /><testcase classname="tests.test_path_utils" name="test_validate_safe_path_symlink_jailbreak" time="0.004" /><testcase classname="tests.test_path_utils" name="test_validate_safe_path_null_byte" time="0.001" /><testcase classname="tests.test_rag" name="test_chunk_text" time="0.003" /><testcase classname="tests.test_rag" name="test_get_embeddings" time="0.003" /><testcase classname="tests.test_rag_engine" name="test_create_workspace_with_rag_engine" time="0.024" /><testcase classname="tests.test_rag_engine" name="test_rag_engine_immutability" time="0.228" /><testcase classname="tests.test_rag_engine" name="test_rag_service_search_branching" time="0.141" /><testcase classname="tests.test_rag_vault" name="test_workspace_rag_configuration" time="0.023" /><testcase classname="tests.test_rag_vault" name="test_document_sharing_dimension_conflict" time="0.044" /><testcase classname="tests.test_rag_vault" name="test_vault_delete_logic" time="0.034" /><testcase classname="tests.test_services" name="test_document_service_list_all" time="0.013" /><testcase classname="tests.test_services" name="test_workspace_service_create" time="0.019" /><testcase classname="tests.test_services" name="test_document_service_delete" time="0.017" /><testcase classname="tests.test_settings" name="test_settings_persistence" time="0.003" /><testcase classname="tests.test_settings" name="test_settings_metadata" time="0.002" /><testcase classname="tests.test_settings" name="test_invalid_settings_update" time="0.002" /><testcase classname="tests.test_telemetry.TestConfigureLogging" name="test_configure_json_format" time="0.001" /><testcase classname="tests.test_telemetry.TestConfigureLogging" name="test_configure_console_format" time="0.001" /><testcase classname="tests.test_telemetry.TestConfigureLogging" name="test_configure_invalid_level_defaults_gracefully" time="0.001" /><testcase classname="tests.test_telemetry.TestConfigureTracing" name="test_tracing_disabled_is_noop" time="0.000" /><testcase classname="tests.test_telemetry.TestConfigureTracing" name="test_tracing_enabled_with_invalid_endpoint" time="0.057" /><testcase classname="tests.test_telemetry.TestConfigureTracing" name="test_get_tracer_returns_tracer" time="0.001" /><testcase classname="tests.test_telemetry.TestInitTelemetry" name="test_init_telemetry_with_defaults" time="0.001" /><testcase classname="tests.test_telemetry.TestContextVariables" name="test_correlation_id_default" time="0.000" /><testcase classname="tests.test_telemetry.TestContextVariables" name="test_correlation_id_set_and_get" time="0.001" /><testcase classname="tests.test_telemetry.TestContextVariables" name="test_workspace_id_set_and_get" time="0.001" /><testcase classname="tests.test_telemetry.TestPrometheusMetrics" name="test_request_count_exists" time="0.000" /><testcase classname="tests.test_telemetry.TestPrometheusMetrics" name="test_request_latency_exists" time="0.001" /><testcase classname="tests.test_telemetry.TestPrometheusMetrics" name="test_error_count_exists" time="0.000" /><testcase classname="tests.test_telemetry.TestPrometheusMetrics" name="test_rag_retrieval_latency" time="0.001" /><testcase classname="tests.test_telemetry.TestPrometheusMetrics" name="test_document_ingestion_count" time="0.001" /><testcase classname="tests.test_telemetry.TestPrometheusMetrics" name="test_llm_request_latency" time="0.001" /><testcase classname="tests.test_telemetry.TestPrometheusMetrics" name="test_active_streams_gauge" time="0.001" /><testcase classname="tests.test_telemetry.TestMiddlewarePathNormalization" name="test_normalize_history_path" time="0.000" /><testcase classname="tests.test_telemetry.TestMiddlewarePathNormalization" name="test_normalize_threads_path" time="0.001" /><testcase classname="tests.test_telemetry.TestMiddlewarePathNormalization" name="test_normalize_documents_path" time="0.000" /><testcase classname="tests.test_telemetry.TestMiddlewarePathNormalization" name="test_normalize_tasks_path" time="0.000" /><testcase classname="tests.test_telemetry.TestMiddlewarePathNormalization" name="test_static_path_unchanged" time="0.000" /><testcase classname="tests.test_telemetry.TestMiddlewarePathNormalization" name="test_root_path_unchanged" time="0.001" /><testcase classname="tests.test_telemetry.TestMiddlewarePathNormalization" name="test_metrics_path_unchanged" time="0.001" /><testcase classname="tests.test_telemetry.TestTracedDecorator" name="test_traced_returns_result" time="0.002" /><testcase classname="tests.test_telemetry.TestTracedDecorator" name="test_traced_propagates_exception" time="0.001" /><testcase classname="tests.test_telemetry.TestTracedDecorator" name="test_traced_inherits_context_vars" time="0.001" /><testcase classname="tests.test_telemetry.TestTracedDecorator" name="test_traced_with_custom_attributes" time="0.001" /><testcase classname="tests.test_telemetry.TestTracedDecorator" name="test_traced_default_name" time="0.002" /><testcase classname="tests.test_thread_management" name="test_summarization_flow" time="0.048" /><testcase classname="tests.test_thread_management" name="test_thread_api_endpoints" time="0.014" /><testcase classname="tests.test_workspaces" name="test_workspace_crud" time="0.074" /><testcase classname="tests.test_workspaces" name="test_workspace_isolation" time="0.036" /><testcase classname="tests.test_workspaces" name="test_document_listing_isolation" time="0.022" /></testsuite></testsuites>