<?xml version="1.0" encoding="utf-8"?><testsuites name="pytest tests"><testsuite name="pytest" errors="0" failures="0" skipped="0" tests="8" time="9.786" timestamp="2026-03-08T22:17:42.586464+00:00" hostname="MSI"><testcase classname="tests.test_platform_api" name="test_health_and_dependency_report" time="1.317" /><testcase classname="tests.test_platform_api" name="test_organization_project_and_workspace_bootstrap" time="0.126" /><testcase classname="tests.test_platform_api" name="test_knowledge_dataset_ingestion_and_rag_query" time="2.869" /><testcase classname="tests.test_platform_api" name="test_evaluation_dataset_run_is_separate_from_ingestion" time="0.731" /><testcase classname="tests.test_platform_api" name="test_tenant_isolation_requires_matching_workspace_scope" time="0.169" /><testcase classname="tests.test_platform_api" name="test_model_registry_lifecycle_endpoints" time="0.115" /><testcase classname="tests.test_platform_api" name="test_workspace_crud_and_dependency_guards" time="0.103" /><testcase classname="tests.test_platform_api" name="test_workspace_rag_config_updates_runtime_defaults" time="0.981" /></testsuite></testsuites>