<?xml version="1.0" encoding="utf-8"?><testsuites name="pytest tests"><testsuite name="pytest" errors="0" failures="0" skipped="0" tests="8" time="22.596" timestamp="2026-03-08T16:13:40.064852+00:00" hostname="MSI"><testcase classname="tests.test_platform_api" name="test_health_and_dependency_report" time="2.976" /><testcase classname="tests.test_platform_api" name="test_organization_project_and_workspace_bootstrap" time="1.242" /><testcase classname="tests.test_platform_api" name="test_knowledge_dataset_ingestion_and_rag_query" time="4.406" /><testcase classname="tests.test_platform_api" name="test_evaluation_dataset_run_is_separate_from_ingestion" time="3.571" /><testcase classname="tests.test_platform_api" name="test_tenant_isolation_requires_matching_workspace_scope" time="1.378" /><testcase classname="tests.test_platform_api" name="test_model_registry_lifecycle_endpoints" time="1.251" /><testcase classname="tests.test_platform_api" name="test_workspace_crud_and_dependency_guards" time="1.232" /><testcase classname="tests.test_platform_api" name="test_workspace_rag_config_updates_runtime_defaults" time="3.253" /></testsuite></testsuites>